#-----------------------------------------------------------
# Vivado v2017.4 (64-bit)
# SW Build 2086221 on Fri Dec 15 20:55:39 MST 2017
# IP Build 2085800 on Fri Dec 15 22:25:07 MST 2017
# Start of session at: Sun Nov 29 09:49:21 2020
# Process ID: 7776
# Current directory: F:/learning_data/computer_organization/lab30_Risc5CPU/vivado201704
# Command line: vivado.exe -gui_launcher_event rodinguilauncherevent29396 F:\learning_data\computer_organization\lab30_Risc5CPU\vivado201704\Risc5CPU.xpr
# Log file: F:/learning_data/computer_organization/lab30_Risc5CPU/vivado201704/vivado.log
# Journal file: F:/learning_data/computer_organization/lab30_Risc5CPU/vivado201704\vivado.jou
#-----------------------------------------------------------
start_gui
open_project F:/learning_data/computer_organization/lab30_Risc5CPU/vivado201704/Risc5CPU.xpr
INFO: [Project 1-313] Project file moved from 'F:/SourceProgram/lab30_Risc5CPU/vivado201704' since last save.
Scanning sources...
Finished scanning sources
INFO: [IP_Flow 19-234] Refreshing IP repositories
INFO: [IP_Flow 19-1704] No user IP repositories specified
INFO: [IP_Flow 19-2313] Loaded Vivado IP repository 'F:/vivado/Vivado/2017.4/data/ip'.
update_compile_order -fileset sources_1
exit
INFO: [Common 17-206] Exiting Vivado at Sun Nov 29 09:50:00 2020...
